atlasoff/PhysicsAnalysis/D3PDTools/RootCore/tags/RootCore-00-04-62
atlasoff/AsgExternal/Asg_Doxygen/tags/Asg_Doxygen-01-08-08-02
atlasoff/AsgExternal/Asg_Test/tags/Asg_Test-02-04-03
atlasoff/AsgExternal/Asg_root/tags/Asg_root-06-04-16
atlasoff/Reconstruction/Jet/ApplyJetCalibration/tags/ApplyJetCalibration-00-03-28
atlasoff/AsgExternal/Asg_GoogleTest/tags/Asg_GoogleTest-01-07-00-03
atlasoff/Control/xAODRootAccessInterfaces/tags/xAODRootAccessInterfaces-00-00-07
atlasoff/AsgExternal/Asg_Boost/tags/Asg_Boost-01-61-00-01
atlasoff/AtlasTest/TestTools/tags/TestTools-00-07-23
atlasoff/Control/CxxUtils/tags/CxxUtils-00-01-57
atlasoff/Control/AthContainersInterfaces/tags/AthContainersInterfaces-00-01-33
atlasoff/Control/AthLinks/tags/AthLinks-00-01-09-16
atlasoff/Control/AthContainers/tags/AthContainers-00-02-61
atlasoff/Event/xAOD/xAODCore/tags/xAODCore-00-01-15
atlasoff/Event/xAOD/xAODEventFormat/tags/xAODEventFormat-00-00-15
atlasoff/Control/xAODRootAccess/tags/xAODRootAccess-00-01-54
atlasoff/Control/AthToolSupport/AsgTools/tags/AsgTools-00-00-98
atlasoff/Control/AthToolSupport/AsgExampleTools/tags/AsgExampleTools-00-00-17
atlasoff/AsgExternal/Asg_Eigen/tags/Asg_Eigen-00-00-04
atlasoff/AsgExternal/Asg_FastJet/tags/Asg_FastJet-03-11-24
atlasoff/AsgExternal/Asg_HEPUtils/tags/Asg_HEPUtils-01-01-00
atlasoff/AsgExternal/Asg_Lhapdf/tags/Asg_Lhapdf-06-01-05-01
atlasoff/AsgExternal/Asg_MCUtils/tags/Asg_MCUtils-01-02-01
atlasoff/AsgExternal/Asg_RooUnfold/tags/Asg_RooUnfold-01-01-01
atlasoff/Event/xAOD/xAODBase/tags/xAODBase-00-00-24
atlasoff/Calorimeter/CaloGeoHelpers/tags/CaloGeoHelpers-00-00-06
atlasoff/Event/EventPrimitives/tags/EventPrimitives-00-00-45-01
atlasoff/DetectorDescription/GeoPrimitives/tags/GeoPrimitives-00-00-33-05
atlasoff/Event/xAOD/xAODCaloEvent/tags/xAODCaloEvent-00-01-16
atlasoff/Event/xAOD/xAODTracking/tags/xAODTracking-00-13-27
atlasoff/Event/xAOD/xAODTrigger/tags/xAODTrigger-00-00-48
atlasoff/Event/xAOD/xAODBTagging/tags/xAODBTagging-00-00-30
atlasoff/Event/xAOD/xAODPFlow/tags/xAODPFlow-00-00-61
atlasoff/Event/xAOD/xAODJet/tags/xAODJet-00-01-35
atlasoff/Generators/TruthUtils/tags/TruthUtils-03-02-01
atlasoff/Event/xAOD/xAODTruth/tags/xAODTruth-00-01-17
atlasoff/Event/xAOD/xAODMissingET/tags/xAODMissingET-00-02-12
atlasoff/Event/FourMomUtils/tags/FourMomUtils-00-00-36
atlasoff/Event/xAOD/xAODEventInfo/tags/xAODEventInfo-00-00-28
atlasoff/Event/xAOD/xAODPrimitives/tags/xAODPrimitives-01-04-00
atlasoff/Event/xAOD/xAODEgamma/tags/xAODEgamma-00-01-42
atlasoff/MuonSpectrometer/MuonIdHelpers/tags/MuonIdHelpers-01-02-11
atlasoff/Event/xAOD/xAODMuon/tags/xAODMuon-00-17-07
atlasoff/Event/xAOD/xAODTau/tags/xAODTau-00-01-14
atlasoff/PhysicsAnalysis/AnalysisCommon/AssociationUtils/tags/AssociationUtils-01-01-32-02
atlasoff/PhysicsAnalysis/D3PDTools/RootCoreUtils/tags/RootCoreUtils-00-00-37
atlasoff/PhysicsAnalysis/D3PDTools/SampleHandler/tags/SampleHandler-00-01-20
atlasoff/PhysicsAnalysis/D3PDTools/EventLoop/tags/EventLoop-00-01-46
atlasoff/PhysicsAnalysis/AnalysisCommon/PATCore/tags/PATCore-00-00-23
atlasoff/PhysicsAnalysis/AnalysisCommon/PATInterfaces/tags/PATInterfaces-00-00-33
atlasoff/Tools/PathResolver/tags/PathResolver-00-02-28
atlasoff/Event/xAOD/xAODParticleEvent/tags/xAODParticleEvent-00-00-15
atlasoff/PhysicsAnalysis/AnalysisCommon/ReweightUtils/tags/ReweightUtils-00-02-34
atlasoff/DataQuality/GoodRunsLists/tags/GoodRunsLists-00-01-32
atlasoff/PhysicsAnalysis/AnalysisCommon/PileupReweighting/tags/PileupReweighting-00-03-31
atlasoff/PhysicsAnalysis/MuonID/MuonIDAnalysis/MuonEfficiencyCorrections/tags/MuonEfficiencyCorrections-03-03-11
atlasoff/PhysicsAnalysis/MuonID/MuonSelectorTools/tags/MuonSelectorTools-00-05-33
atlasoff/PhysicsAnalysis/MuonID/MuonIDAnalysis/MuonMomentumCorrections/tags/MuonMomentumCorrections-01-00-37
atlasoff/Event/xAOD/xAODHIEvent/tags/xAODHIEvent-00-00-09
atlasoff/PhysicsAnalysis/ElectronPhotonID/ElectronPhotonSelectorTools/tags/ElectronPhotonSelectorTools-00-02-92-09
atlasoff/Reconstruction/egamma/egammaLayerRecalibTool/tags/egammaLayerRecalibTool-00-02-08
atlasoff/Reconstruction/MVAUtils/tags/MVAUtils-00-00-04
atlasoff/Reconstruction/egamma/egammaRecEvent/tags/egammaRecEvent-00-00-09
atlasoff/Reconstruction/egamma/egammaMVACalib/tags/egammaMVACalib-01-02-07
atlasoff/Event/xAOD/xAODMetaData/tags/xAODMetaData-00-00-07
atlasoff/PhysicsAnalysis/ElectronPhotonID/ElectronPhotonFourMomentumCorrection/tags/ElectronPhotonFourMomentumCorrection-02-02-18
atlasoff/InnerDetector/InDetRecTools/InDetTrackSelectionTool/tags/InDetTrackSelectionTool-00-02-29
atlasoff/PhysicsAnalysis/MCTruthClassifier/tags/MCTruthClassifier-00-01-42
atlasoff/Reconstruction/tauRecTools/tags/tauRecTools-00-00-12-09
atlasoff/PhysicsAnalysis/TauID/TauAnalysisTools/tags/TauAnalysisTools-00-02-22
atlasoff/PhysicsAnalysis/ElectronPhotonID/ElectronEfficiencyCorrection/tags/ElectronEfficiencyCorrection-00-01-78
atlasoff/PhysicsAnalysis/JetTagging/JetTagPerformanceCalibration/CalibrationDataInterface/tags/CalibrationDataInterface-00-05-14
atlasoff/Reconstruction/Jet/JetInterface/tags/JetInterface-00-00-47
atlasoff/Event/xAOD/xAODEventShape/tags/xAODEventShape-00-00-08
atlasoff/Reconstruction/Jet/JetCalibTools/tags/JetCalibTools-00-04-66
atlasoff/PhysicsAnalysis/JetMissingEtID/JetSelectorTools/tags/JetSelectorTools-00-05-07
atlasoff/Reconstruction/Jet/JetResolution/tags/JetResolution-03-00-45
atlasoff/Reconstruction/Jet/JetCPInterfaces/tags/JetCPInterfaces-00-00-01
atlasoff/Reconstruction/Jet/JetUncertainties/tags/JetUncertainties-00-09-48
atlasoff/Reconstruction/MET/METInterface/tags/METInterface-00-02-03
atlasoff/Reconstruction/MET/METUtilities/tags/METUtilities-00-02-32
atlasoff/PhysicsAnalysis/JetTagging/JetTagPerformanceCalibration/xAODBTaggingEfficiency/tags/xAODBTaggingEfficiency-00-00-36
atlasoff/PhysicsAnalysis/AnalysisCommon/CPAnalysisExamples/tags/CPAnalysisExamples-00-00-63
atlasoff/PhysicsAnalysis/TauID/DiTauMassTools/tags/DiTauMassTools-00-00-25
atlasoff/PhysicsAnalysis/ElectronPhotonID/ElectronPhotonShowerShapeFudgeTool/tags/ElectronPhotonShowerShapeFudgeTool-00-01-05
atlasoff/PhysicsAnalysis/D3PDTools/MultiDraw/tags/MultiDraw-00-00-15
atlasoff/PhysicsAnalysis/D3PDTools/EventLoopAlgs/tags/EventLoopAlgs-00-00-30
atlasoff/PhysicsAnalysis/D3PDTools/EventLoopGrid/tags/EventLoopGrid-00-00-46
atlasoff/Reconstruction/EventShapes/EventShapeInterface/tags/EventShapeInterface-00-00-10
atlasoff/PhysicsAnalysis/AnalysisCommon/IsolationSelection/tags/IsolationSelection-00-05-01
atlasoff/PhysicsAnalysis/AnalysisCommon/FsrUtils/tags/FsrUtils-00-00-29
atlasoff/DetectorDescription/IRegionSelector/tags/IRegionSelector-01-00-08
atlasoff/PhysicsAnalysis/TrackingID/InDetTrackSystematicsTools/tags/InDetTrackSystematicsTools-00-00-09
atlasoff/Reconstruction/Jet/JetEDM/tags/JetEDM-00-00-23
atlasoff/Reconstruction/Jet/JetRec/tags/JetRec-03-00-90
atlasoff/PhysicsAnalysis/ElectronPhotonID/IsolationCorrections/tags/IsolationCorrections-00-01-06
atlasoff/Reconstruction/Jet/JetJvtEfficiency/tags/JetJvtEfficiency-00-00-04
atlasoff/Reconstruction/Jet/JetUtils/tags/JetUtils-02-00-32
atlasoff/Reconstruction/Jet/JetMomentTools/tags/JetMomentTools-00-03-44
atlasoff/Reconstruction/Jet/JetSubStructureUtils/tags/JetSubStructureUtils-00-02-21
atlasoff/Reconstruction/Jet/JetSubStructureMomentTools/tags/JetSubStructureMomentTools-00-01-33
atlasoff/Reconstruction/Jet/JetReclustering/tags/JetReclustering-00-00-06
package LineShapeTool not under version control
atlasoff/PhysicsAnalysis/AnalysisCommon/PMGTools/tags/PMGTools-00-00-05
atlasoff/PhysicsAnalysis/AnalysisCommon/ParticleJetTools/tags/ParticleJetTools-00-03-45
atlasoff/PhysicsAnalysis/ElectronPhotonID/PhotonEfficiencyCorrection/tags/PhotonEfficiencyCorrection-00-01-18
atlasoff/PhysicsAnalysis/ElectronPhotonID/PhotonVertexSelection/tags/PhotonVertexSelection-00-01-13
atlasoff/Trigger/TrigEvent/TrigNavStructure/tags/TrigNavStructure-00-00-20
atlasoff/Trigger/TrigConfiguration/TrigConfBase/tags/TrigConfBase-00-00-18
atlasoff/Trigger/TrigConfiguration/TrigConfL1Data/tags/TrigConfL1Data-02-00-62
atlasoff/Trigger/TrigConfiguration/TrigConfHLTData/tags/TrigConfHLTData-01-00-35
atlasoff/Trigger/TrigConfiguration/TrigConfInterfaces/tags/TrigConfInterfaces-00-00-06
atlasoff/Trigger/TrigConfiguration/TrigConfxAOD/tags/TrigConfxAOD-00-00-22
atlasoff/Trigger/TrigEvent/TrigDecisionInterface/tags/TrigDecisionInterface-00-01-00
atlasoff/DetectorDescription/RoiDescriptor/tags/RoiDescriptor-00-01-01
atlasoff/Trigger/TrigEvent/TrigSteeringEvent/tags/TrigSteeringEvent-01-06-19
atlasoff/Trigger/TrigEvent/TrigRoiConversion/tags/TrigRoiConversion-00-00-09
atlasoff/Trigger/TrigAnalysis/TrigDecisionTool/tags/TrigDecisionTool-00-03-42
atlasoff/Event/xAOD/xAODTrigCalo/tags/xAODTrigCalo-00-00-15
atlasoff/Event/xAOD/xAODTrigEgamma/tags/xAODTrigEgamma-00-00-23
atlasoff/Trigger/TrigAnalysis/TriggerMatchingTool/tags/TriggerMatchingTool-00-00-12
atlasoff/PhysicsAnalysis/TopPhys/QuickAna/tags/QuickAna-00-01-20
atlasoff/PhysicsAnalysis/D3PDTools/RootCoreTest/tags/RootCoreTest-00-00-02
atlasoff/Event/xAOD/xAODCutFlow/tags/xAODCutFlow-00-00-08
atlasoff/PhysicsAnalysis/TauID/TauCorrUncert/tags/TauCorrUncert-00-00-19
atlasoff/PhysicsAnalysis/SUSYPhys/SUSYTools/tags/SUSYTools-00-08-09
atlasoff/PhysicsAnalysis/JetPhys/SemileptonicCorr/tags/SemileptonicCorr-00-00-08
atlasoff/InnerDetector/InDetRecTools/TrackVertexAssociationTool/tags/TrackVertexAssociationTool-00-00-05
atlasoff/Trigger/TrigAnalysis/TrigAnalysisInterfaces/tags/TrigAnalysisInterfaces-00-03-01
atlasoff/Event/xAOD/xAODTrigMissingET/tags/xAODTrigMissingET-00-00-16
atlasoff/Event/xAOD/xAODTrigBphys/tags/xAODTrigBphys-00-00-17
atlasoff/Trigger/TrigValidation/TrigAnalysisTest/tags/TrigAnalysisTest-00-04-42
atlasoff/Trigger/TrigAnalysis/TrigBunchCrossingTool/tags/TrigBunchCrossingTool-00-04-13
atlasoff/Trigger/TrigAnalysis/TrigMuonEfficiency/tags/TrigMuonEfficiency-00-02-47
atlasoff/Trigger/TrigAnalysis/TrigTauAnalysis/TrigTauMatching/tags/TrigTauMatching-00-06-01
atlasoff/PhysicsAnalysis/AnalysisCommon/VertexPositionReweighting/trunk
atlasoff/PhysicsAnalysis/HiggsPhys/Run2/HZZ/Tools/ZMassConstraint/tags/ZMassConstraint-00-02-06
package ZeeAnalysis not under version control
atlasoff/Event/xAOD/xAODAssociations/tags/xAODAssociations-00-00-06
atlasoff/Event/xAOD/xAODBPhys/tags/xAODBPhys-00-00-03
atlasoff/Event/xAOD/xAODTrigL1Calo/tags/xAODTrigL1Calo-00-00-60
atlasoff/Event/xAOD/xAODForward/tags/xAODForward-00-01-12
atlasoff/Event/xAOD/xAODLuminosity/tags/xAODLuminosity-00-00-04
atlasoff/Event/xAOD/xAODMetaDataCnv/tags/xAODMetaDataCnv-00-00-05
atlasoff/Event/xAOD/xAODTrigMinBias/tags/xAODTrigMinBias-00-00-21
atlasoff/Event/xAOD/xAODTrigMuon/tags/xAODTrigMuon-00-02-09
atlasoff/Event/xAOD/xAODTrigRinger/tags/xAODTrigRinger-00-00-11
atlasoff/Event/xAOD/xAODTriggerCnv/tags/xAODTriggerCnv-00-00-17
